<?xml version="1.0" encoding="UTF-8" ?>
<testsuite errors="0" skipped="0" tests="1" time="17.047" failures="0" name="org.sakaiproject.test.SmppThreadingTest">
  <properties>
    <property value="Sun Microsystems Inc." name="java.vendor"/>
    <property value="local/minivoid:/tmp/.ICE-unix/6101" name="env.SESSION_MANAGER"/>
    <property value="| /usr/bin/lesspipe %s" name="env.LESSOPEN"/>
    <property value="/home/void/.m2/repository" name="localRepository"/>
    <property value="SUN_STANDARD" name="sun.java.launcher"/>
    <property value="HotSpot Server Compiler" name="sun.management.compiler"/>
    <property value="Linux" name="os.name"/>
    <property value="/usr/lib/jvm/java-1.5.0-sun-1.5.0.15/jre/lib/rt.jar:/usr/lib/jvm/java-1.5.0-sun-1.5.0.15/jre/lib/i18n.jar:/usr/lib/jvm/java-1.5.0-sun-1.5.0.15/jre/lib/sunrsasign.jar:/usr/lib/jvm/java-1.5.0-sun-1.5.0.15/jre/lib/jsse.jar:/usr/lib/jvm/java-1.5.0-sun-1.5.0.15/jre/lib/jce.jar:/usr/lib/jvm/java-1.5.0-sun-1.5.0.15/jre/lib/charsets.jar:/usr/lib/jvm/java-1.5.0-sun-1.5.0.15/jre/classes" name="sun.boot.class.path"/>
    <property value="/home/void/Desktop/SMS/sms/sms_smpp" name="env.PWD"/>
    <property value="f1151fa658f221df13ad07cb49076a59-1227027669.259812-121069231" name="env.XDG_SESSION_COOKIE"/>
    <property value="gnome" name="sun.desktop"/>
    <property value="en_ZA.UTF-8" name="env.LANG"/>
    <property value="Sun Microsystems Inc." name="java.vm.specification.vendor"/>
    <property value="1.5.0_15-b04" name="java.runtime.version"/>
    <property value=":0.0" name="env.DISPLAY"/>
    <property value="void" name="user.name"/>
    <property value="/home/void/apache-maven-2.0.9/bin/mvn" name="env._"/>
    <property value="void" name="env.USER"/>
    <property value="ignoreboth" name="env.HISTCONTROL"/>
    <property value="/bin/bash" name="env.SHELL"/>
    <property value="default" name="env.DESKTOP_SESSION"/>
    <property value="/usr/local/share/:/usr/share/:/usr/share/gdm/" name="env.XDG_DATA_DIRS"/>
    <property value="/usr/dt/lib/nls/msg/%L/%N.cat" name="env.NLSPATH"/>
    <property value="/usr/local/sbin:/usr/local/bin:/usr/sbin:/usr/bin:/sbin:/bin:/usr/games:/usr/lib/jvm/java-1.5.0-sun/bin:/home/void/apache-maven-2.0.9/bin" name="env.PATH"/>
    <property value="en" name="user.language"/>
    <property value="/usr/lib/jvm/java-1.5.0-sun-1.5.0.15/jre/lib/i386" name="sun.boot.library.path"/>
    <property value="/home/void/apache-maven-2.0.9/bin/m2.conf" name="classworlds.conf"/>
    <property value="1.5.0_15" name="java.version"/>
    <property value="Africa/Johannesburg" name="user.timezone"/>
    <property value="unix:abstract=/tmp/dbus-m3j5HNsBJD,guid=f2bf4e2c9189896d268747d44922f4d7" name="env.DBUS_SESSION_BUS_ADDRESS"/>
    <property value="32" name="sun.arch.data.model"/>
    <property value="/usr/lib/jvm/java-1.5.0-sun-1.5.0.15/jre/lib/endorsed" name="java.endorsed.dirs"/>
    <property value="" name="sun.cpu.isalist"/>
    <property value="UTF-8" name="sun.jnu.encoding"/>
    <property value="sun.io" name="file.encoding.pkg"/>
    <property value="1" name="env.SHLVL"/>
    <property value="/" name="file.separator"/>
    <property value="Java Platform API Specification" name="java.specification.name"/>
    <property value="Default" name="env.GNOME_DESKTOP_SESSION_ID"/>
    <property value="49.0" name="java.class.version"/>
    <property value="default" name="env.GDMSESSION"/>
    <property value="ZA" name="user.country"/>
    <property value="6100" name="env.GNOME_KEYRING_PID"/>
    <property value="/usr/lib/jvm/java-1.5.0-sun-1.5.0.15/jre" name="java.home"/>
    <property value="mixed mode" name="java.vm.info"/>
    <property value="void" name="env.LOGNAME"/>
    <property value="2.6.24-21-generic" name="os.version"/>
    <property value=":" name="path.separator"/>
    <property value="1.5.0_15-b04" name="java.vm.version"/>
    <property value="" name="env.DESKTOP_STARTUP_ID"/>
    <property value="/usr/lib/jvm/java-1.5.0-sun" name="env.JAVA_HOME"/>
    <property value="sun.print.PSPrinterJob" name="java.awt.printerjob"/>
    <property value="xterm" name="env.TERM"/>
    <property value="7" name="env.WINDOWPATH"/>
    <property value="UnicodeLittle" name="sun.io.unicode.encoding"/>
    <property value="en_ZA.UTF-8" name="env.GDM_LANG"/>
    <property value="/home/void" name="user.home"/>
    <property value="/home/void/Desktop/SMS/sms/sms_smpp" name="env.OLDPWD"/>
    <property value="Sun Microsystems Inc." name="java.specification.vendor"/>
    <property value="58720337" name="env.WINDOWID"/>
    <property value="/usr/lib/jvm/java-1.5.0-sun-1.5.0.15/jre/lib/i386/server:/usr/lib/jvm/java-1.5.0-sun-1.5.0.15/jre/lib/i386:/usr/lib/jvm/java-1.5.0-sun-1.5.0.15/jre/../lib/i386" name="java.library.path"/>
    <property value="http://java.sun.com/" name="java.vendor.url"/>
    <property value="local" name="env.GDM_XSERVER_LOCATION"/>
    <property value="Sun Microsystems Inc." name="java.vm.vendor"/>
    <property value="/home/void/apache-maven-2.0.9" name="maven.home"/>
    <property value="Java(TM) 2 Runtime Environment, Standard Edition" name="java.runtime.name"/>
    <property value="/home/void/apache-maven-2.0.9/boot/classworlds-1.1.jar" name="java.class.path"/>
    <property value="/usr/dt/app-defaults/%L/Dt" name="env.XFILESEARCHPATH"/>
    <property value="Java Virtual Machine Specification" name="java.vm.specification.name"/>
    <property value="1.0" name="java.vm.specification.version"/>
    <property value="unknown" name="sun.os.patch.level"/>
    <property value="little" name="sun.cpu.endian"/>
    <property value="/etc/gtk/gtkrc:/home/void/.gtkrc-1.2-gnome2" name="env.GTK_RC_FILES"/>
    <property value="/home/void" name="env.HOME"/>
    <property value="/home/void/Desktop/SMS/sms/sms_smpp/target/test-classes:/home/void/Desktop/SMS/sms/sms_smpp/target/classes:/home/void/.m2/repository/log4j/log4j/1.2.14/log4j-1.2.14.jar:/home/void/.m2/repository/net/sourceforge/groboutils/groboutils-core/5/groboutils-core-5.jar:/home/void/.m2/repository/org/sakaiproject/sms/hibernate/sms_hibernate/1.0/sms_hibernate-1.0.jar:/home/void/.m2/repository/junit/junit/3.8.1/junit-3.8.1.jar:/home/void/.m2/repository/org/sakaiproject/generic-dao/0.9.11/generic-dao-0.9.11.jar:/home/void/.m2/repository/org/hibernate/hibernate/3.2.5.ga/hibernate-3.2.5.ga.jar:/home/void/.m2/repository/net/sf/ehcache/ehcache/1.2.3/ehcache-1.2.3.jar:/home/void/.m2/repository/commons-logging/commons-logging/1.0.4/commons-logging-1.0.4.jar:/home/void/.m2/repository/commons-collections/commons-collections/2.1.1/commons-collections-2.1.1.jar:/home/void/.m2/repository/javax/transaction/jta/1.0.1B/jta-1.0.1B.jar:/home/void/.m2/repository/asm/asm-attrs/1.5.3/asm-attrs-1.5.3.jar:/home/void/.m2/repository/dom4j/dom4j/1.6.1/dom4j-1.6.1.jar:/home/void/.m2/repository/antlr/antlr/2.7.6/antlr-2.7.6.jar:/home/void/.m2/repository/cglib/cglib/2.1_3/cglib-2.1_3.jar:/home/void/.m2/repository/asm/asm/1.5.3/asm-1.5.3.jar:/home/void/.m2/repository/mysql/mysql-connector-java/5.1.5/mysql-connector-java-5.1.5.jar:/home/void/.m2/repository/quartz/quartz/1.5.2/quartz-1.5.2.jar:/home/void/.m2/repository/com/google/code/jsmpp/2.0/jsmpp-2.0.jar:/home/void/.m2/repository/org/slf4j/slf4j-log4j12/1.4.3/slf4j-log4j12-1.4.3.jar:/home/void/.m2/repository/org/slf4j/slf4j-api/1.4.3/slf4j-api-1.4.3.jar:" name="surefire.test.class.path"/>
    <property value="/tmp" name="java.io.tmpdir"/>
    <property value="/usr/lib/jvm/java-1.5.0-sun-1.5.0.15/jre/lib/i386/server:/usr/lib/jvm/java-1.5.0-sun-1.5.0.15/jre/lib/i386:/usr/lib/jvm/java-1.5.0-sun-1.5.0.15/jre/../lib/i386" name="env.LD_LIBRARY_PATH"/>
    <property value="no=00:fi=00:di=01;34:ln=01;36:pi=40;33:so=01;35:do=01;35:bd=40;33;01:cd=40;33;01:or=40;31;01:su=37;41:sg=30;43:tw=30;42:ow=34;42:st=37;44:ex=01;32:*.tar=01;31:*.tgz=01;31:*.svgz=01;31:*.arj=01;31:*.taz=01;31:*.lzh=01;31:*.lzma=01;31:*.zip=01;31:*.z=01;31:*.Z=01;31:*.dz=01;31:*.gz=01;31:*.bz2=01;31:*.bz=01;31:*.tbz2=01;31:*.tz=01;31:*.deb=01;31:*.rpm=01;31:*.jar=01;31:*.rar=01;31:*.ace=01;31:*.zoo=01;31:*.cpio=01;31:*.7z=01;31:*.rz=01;31:*.jpg=01;35:*.jpeg=01;35:*.gif=01;35:*.bmp=01;35:*.pbm=01;35:*.pgm=01;35:*.ppm=01;35:*.tga=01;35:*.xbm=01;35:*.xpm=01;35:*.tif=01;35:*.tiff=01;35:*.png=01;35:*.svg=01;35:*.mng=01;35:*.pcx=01;35:*.mov=01;35:*.mpg=01;35:*.mpeg=01;35:*.m2v=01;35:*.mkv=01;35:*.ogm=01;35:*.mp4=01;35:*.m4v=01;35:*.mp4v=01;35:*.vob=01;35:*.qt=01;35:*.nuv=01;35:*.wmv=01;35:*.asf=01;35:*.rm=01;35:*.rmvb=01;35:*.flc=01;35:*.avi=01;35:*.fli=01;35:*.gl=01;35:*.dl=01;35:*.xcf=01;35:*.xwd=01;35:*.yuv=01;35:*.aac=00;36:*.au=00;36:*.flac=00;36:*.mid=00;36:*.midi=00;36:*.mka=00;36:*.mp3=00;36:*.mpc=00;36:*.ogg=00;36:*.ra=00;36:*.wav=00;36:" name="env.LS_COLORS"/>
    <property value="http://java.sun.com/cgi-bin/bugreport.cgi" name="java.vendor.url.bug"/>
    <property value="/tmp/keyring-LoVG6h/ssh" name="env.SSH_AUTH_SOCK"/>
    <property value="-Xms256m -Xmx645m -XX:PermSize=64m -XX:MaxPermSize=136m" name="env.MAVEN_OPTS"/>
    <property value="/home/void/apache-maven-2.0.9" name="env.MAVEN2_HOME"/>
    <property value="sun.awt.X11GraphicsEnvironment" name="java.awt.graphicsenv"/>
    <property value="i386" name="os.arch"/>
    <property value="/usr/lib/jvm/java-1.5.0-sun-1.5.0.15/jre/lib/ext" name="java.ext.dirs"/>
    <property value="/home/void/Desktop/SMS/sms/sms_smpp" name="user.dir"/>
    <property value="/home/void/.Xauthority" name="env.XAUTHORITY"/>
    <property value="
" name="line.separator"/>
    <property value="Java HotSpot(TM) Server VM" name="java.vm.name"/>
    <property value="gnome-terminal" name="env.COLORTERM"/>
    <property value="/home/void/Desktop/SMS/sms/sms_smpp" name="basedir"/>
    <property value="void" name="env.USERNAME"/>
    <property value="UTF-8" name="file.encoding"/>
    <property value="/tmp/keyring-LoVG6h/socket" name="env.GNOME_KEYRING_SOCKET"/>
    <property value="/tmp/seahorse-RmBTon/S.gpg-agent:6208:1" name="env.GPG_AGENT_INFO"/>
    <property value="1.5" name="java.specification.version"/>
    <property value="/usr/bin/lesspipe %s %s" name="env.LESSCLOSE"/>
  </properties>
  <testcase classname="org.sakaiproject.test.SmppThreadingTest" time="16.981" name="testExampleThread"/>
</testsuite>